  Source.cpp
Source.cpp(176): warning C4244: '=': conversion from 'float' to 'unsigned int', possible loss of data
Source.cpp(178): warning C4244: '=': conversion from 'unsigned int' to 'float', possible loss of data
Source.cpp(179): warning C4244: '=': conversion from 'float' to 'unsigned int', possible loss of data
Source.cpp(181): warning C4244: '=': conversion from 'unsigned int' to 'float', possible loss of data
Source.cpp(202): warning C4244: '=': conversion from 'int' to 'float', possible loss of data
Source.cpp(203): warning C4244: '=': conversion from 'int' to 'float', possible loss of data
Source.cpp(217): warning C4244: 'initializing': conversion from 'int' to 'float', possible loss of data
Source.cpp(218): warning C4244: 'initializing': conversion from 'double' to 'float', possible loss of data
Source.cpp(225): warning C4305: 'argument': truncation from 'double' to 'GLfloat'
Source.cpp(226): warning C4244: 'argument': conversion from 'float' to 'int', possible loss of data
Source.cpp(231): warning C4305: 'argument': truncation from 'double' to 'GLfloat'
Source.cpp(232): warning C4244: 'argument': conversion from 'float' to 'int', possible loss of data
Source.cpp(245): warning C4244: 'argument': conversion from 'int' to 'float', possible loss of data
Source.cpp(246): warning C4244: 'argument': conversion from 'int' to 'float', possible loss of data
Source.cpp(247): warning C4244: 'argument': conversion from 'int' to 'float', possible loss of data
Source.cpp(248): warning C4244: 'argument': conversion from 'int' to 'float', possible loss of data
Source.cpp(414): warning C4244: 'argument': conversion from 'float' to 'int', possible loss of data
Source.cpp(436): warning C4244: 'argument': conversion from 'unsigned long' to 'float', possible loss of data
Source.cpp(483): warning C4244: '=': conversion from 'double' to 'float', possible loss of data
Source.cpp(492): warning C4244: '=': conversion from 'double' to 'float', possible loss of data
     Creating library G:\Script\GitHub\SauerHack\cppOGL\cppOGL\Release\cppOGL.lib and object G:\Script\GitHub\SauerHack\cppOGL\cppOGL\Release\cppOGL.exp
  Generating code
  2 of 26 functions ( 7.7%) were compiled, the rest were copied from previous compilation.
    0 functions were new in current compilation
    0 functions had inline decision re-evaluated but remain unchanged
  Finished generating code
  cppOGL.vcxproj -> G:\Script\GitHub\SauerHack\cppOGL\cppOGL\Release\cppOGL.dll
